%!Adobe-FontList 1.07

%BeginFont
Handler:DirectoryHandler
FontType:CID
FontName:07NikumaruFont
FamilyName:07NikumaruFont
StyleName:Regular
FullName:07NikumaruFont
FamilyNameNative:07にくまるフォント
StyleNameNative:Regular
FullNameNative:07にくまるフォント
WritingScript:Japanese
OutlineFileName:D:\Godot\project\marshmallow\Font\07にくまるフォント.otf
DataFormat:sfntData
isCFF:yes
FileLength:3074716
WeightClass:800
WidthClass:5
AngleClass:0
%EndFont

%BeginFont
Handler:DirectoryHandler
FontType:Invalid
OutlineFileName:D:\Godot\project\marshmallow\Font\07にくまるフォント.otf.import
%EndFont

%BeginFont
Handler:DirectoryHandler
FontType:Invalid
OutlineFileName:D:\Godot\project\marshmallow\Font\ReadMe_Windows.txt
%EndFont

